
2022-03-28 12:20:42...installerHook: Info: custom/install/install_hooks.php not present, no custom hooks to execute
2022-03-28 12:22:45...installerHook: Info: custom/install/install_hooks.php not present, no custom hooks to execute
2022-03-28 12:22:56...Begin System Check Process *************
2022-03-28 12:22:56...XML Parsing Support Found
2022-03-28 12:22:56...JSON Parsing Support Found
2022-03-28 12:22:56...MBString Support Found
2022-03-28 12:22:56...ZIP Support Found
2022-03-28 12:22:56.../custom directory and subdirectory check passed
2022-03-28 12:22:56...cache directory and subdirectory check passed
2022-03-28 12:22:56.../module  directory and subdirectory check passed
2022-03-28 12:22:56.../upload directory check passed
2022-03-28 12:22:56.../zip check passed
2022-03-28 12:22:56...PCRE version check passed
2022-03-28 12:22:56...installerHook: Info: custom/install/install_hooks.php not present, no custom hooks to execute
2022-03-28 12:22:56...php.ini location found. /etc/php/7.4/fpm/php.ini
2022-03-28 12:22:56...Outputting HTML for System check
2022-03-28 12:22:56...No Errors were found *************
2022-03-28 12:22:56...installerHook: Info: custom/install/install_hooks.php not present, no custom hooks to execute
2022-03-28 12:23:04...installerHook: Info: custom/install/install_hooks.php not present, no custom hooks to execute
2022-03-28 12:25:29...Begin DB Check Process *************
2022-03-28 12:25:29...testing with mysql:mysqli
2022-03-28 12:25:29...Basic form info is valid, continuing Process.
2022-03-28 12:25:29...Testing user account...
2022-03-28 12:25:29...Connection made using  host: localhost, usr: suitecrm
2022-03-28 12:25:29...SUCCESS:: no errors detected!
2022-03-28 12:25:29...End DB Check Process *************
2022-03-28 12:25:29...installerHook: Info: custom/install/install_hooks.php not present, no custom hooks to execute
2022-03-28 12:25:29...calling handleSugarConfig()
2022-03-28 12:25:29...calling handleHtaccess()
2022-03-28 12:25:29...calling handleDbCreateDatabase()
2022-03-28 12:25:29...looping through all the Beans and create their tables
2022-03-28 12:25:29...processing table acl_actions
2022-03-28 12:25:29...creating table acl_actions
2022-03-28 12:25:29...creating Relationship Meta for ACLAction
2022-03-28 12:25:29...processing table acl_roles
2022-03-28 12:25:29...creating table acl_roles
2022-03-28 12:25:29...creating Relationship Meta for ACLRole
2022-03-28 12:25:29...processing table relationships
2022-03-28 12:25:29...creating table relationships
2022-03-28 12:25:29...creating Relationship Meta for Relationship
2022-03-28 12:25:29...processing table leads
2022-03-28 12:25:29...creating table leads
2022-03-28 12:25:29...creating Relationship Meta for Lead
2022-03-28 12:25:30...processing table cases
2022-03-28 12:25:30...creating table cases
2022-03-28 12:25:30...creating Relationship Meta for Case
2022-03-28 12:25:30...processing table bugs
2022-03-28 12:25:30...creating table bugs
2022-03-28 12:25:30...creating Relationship Meta for Bug
2022-03-28 12:25:30...processing table users
2022-03-28 12:25:30...creating table users
2022-03-28 12:25:30...creating Relationship Meta for User
2022-03-28 12:25:30...processing table campaign_log
2022-03-28 12:25:30...creating table campaign_log
2022-03-28 12:25:30...creating Relationship Meta for CampaignLog
2022-03-28 12:25:30...processing table project
2022-03-28 12:25:30...creating table project
2022-03-28 12:25:30...creating Relationship Meta for Project
2022-03-28 12:25:30...processing table project_task
2022-03-28 12:25:30...creating table project_task
2022-03-28 12:25:30...creating Relationship Meta for ProjectTask
2022-03-28 12:25:30...processing table campaigns
2022-03-28 12:25:31...creating table campaigns
2022-03-28 12:25:31...creating Relationship Meta for Campaign
2022-03-28 12:25:31...processing table prospect_lists
2022-03-28 12:25:31...creating table prospect_lists
2022-03-28 12:25:31...creating Relationship Meta for ProspectList
2022-03-28 12:25:31...processing table prospects
2022-03-28 12:25:31...creating table prospects
2022-03-28 12:25:31...creating Relationship Meta for Prospect
2022-03-28 12:25:31...processing table email_marketing
2022-03-28 12:25:31...creating table email_marketing
2022-03-28 12:25:31...creating Relationship Meta for EmailMarketing
2022-03-28 12:25:31...processing table campaign_trkrs
2022-03-28 12:25:31...creating table campaign_trkrs
2022-03-28 12:25:31...creating Relationship Meta for CampaignTracker
2022-03-28 12:25:31...processing table releases
2022-03-28 12:25:31...creating table releases
2022-03-28 12:25:31...creating Relationship Meta for Release
2022-03-28 12:25:31...processing table emailman
2022-03-28 12:25:31...creating table emailman
2022-03-28 12:25:31...creating Relationship Meta for EmailMan
2022-03-28 12:25:31...processing table schedulers
2022-03-28 12:25:31...creating table schedulers
2022-03-28 12:25:31...creating Relationship Meta for Scheduler
2022-03-28 12:25:31...processing table job_queue
2022-03-28 12:25:31...creating table job_queue
2022-03-28 12:25:31...creating Relationship Meta for SchedulersJob
2022-03-28 12:25:31...processing table contacts
2022-03-28 12:25:31...creating table contacts
2022-03-28 12:25:31...creating Relationship Meta for Contact
2022-03-28 12:25:31...processing table accounts
2022-03-28 12:25:31...creating table accounts
2022-03-28 12:25:31...creating Relationship Meta for Account
2022-03-28 12:25:32...processing table opportunities
2022-03-28 12:25:32...creating table opportunities
2022-03-28 12:25:32...creating Relationship Meta for Opportunity
2022-03-28 12:25:32...processing table email_templates
2022-03-28 12:25:32...creating table email_templates
2022-03-28 12:25:32...creating Relationship Meta for EmailTemplate
2022-03-28 12:25:32...processing table notes
2022-03-28 12:25:32...creating table notes
2022-03-28 12:25:32...creating Relationship Meta for Note
2022-03-28 12:25:32...processing table calls
2022-03-28 12:25:32...creating table calls
2022-03-28 12:25:32...creating Relationship Meta for Call
2022-03-28 12:25:32...processing table emails
2022-03-28 12:25:32...creating table emails
2022-03-28 12:25:32...creating Relationship Meta for Email
2022-03-28 12:25:32...processing table meetings
2022-03-28 12:25:32...creating table meetings
2022-03-28 12:25:32...creating Relationship Meta for Meeting
2022-03-28 12:25:32...processing table tasks
2022-03-28 12:25:32...creating table tasks
2022-03-28 12:25:32...creating Relationship Meta for Task
2022-03-28 12:25:32...processing table users
2022-03-28 12:25:32...processing table users
2022-03-28 12:25:32...processing table currencies
2022-03-28 12:25:32...creating table currencies
2022-03-28 12:25:32...creating Relationship Meta for Currency
2022-03-28 12:25:32...processing table tracker
2022-03-28 12:25:32...creating table tracker
2022-03-28 12:25:32...creating Relationship Meta for Tracker
2022-03-28 12:25:32...processing table import_maps
2022-03-28 12:25:33...creating table import_maps
2022-03-28 12:25:33...creating Relationship Meta for ImportMap
2022-03-28 12:25:33...processing table users_last_import
2022-03-28 12:25:33...creating table users_last_import
2022-03-28 12:25:33...creating Relationship Meta for UsersLastImport
2022-03-28 12:25:33...processing table config
2022-03-28 12:25:33...creating table config
2022-03-28 12:25:33...creating Relationship Meta for Administration
2022-03-28 12:25:33...processing table upgrade_history
2022-03-28 12:25:33...creating table upgrade_history
2022-03-28 12:25:33...creating Relationship Meta for UpgradeHistory
2022-03-28 12:25:33...processing table vcals
2022-03-28 12:25:33...creating table vcals
2022-03-28 12:25:33...creating Relationship Meta for vCal
2022-03-28 12:25:33...processing table alerts
2022-03-28 12:25:33...creating table alerts
2022-03-28 12:25:33...creating Relationship Meta for Alert
2022-03-28 12:25:33...processing table roles
2022-03-28 12:25:33...creating table roles
2022-03-28 12:25:33...creating Relationship Meta for Role
2022-03-28 12:25:33...processing table documents
2022-03-28 12:25:33...creating table documents
2022-03-28 12:25:33...creating Relationship Meta for Document
2022-03-28 12:25:33...processing table document_revisions
2022-03-28 12:25:33...creating table document_revisions
2022-03-28 12:25:33...creating Relationship Meta for DocumentRevision
2022-03-28 12:25:33...processing table fields_meta_data
2022-03-28 12:25:33...creating table fields_meta_data
2022-03-28 12:25:33...creating Relationship Meta for FieldsMetaData
2022-03-28 12:25:33...processing table 
2022-03-28 12:25:33...processing table inbound_email
2022-03-28 12:25:33...creating table inbound_email
2022-03-28 12:25:33...creating Relationship Meta for InboundEmail
2022-03-28 12:25:33...processing table saved_search
2022-03-28 12:25:33...creating table saved_search
2022-03-28 12:25:33...creating Relationship Meta for SavedSearch
2022-03-28 12:25:33...processing table user_preferences
2022-03-28 12:25:33...creating table user_preferences
2022-03-28 12:25:33...creating Relationship Meta for UserPreference
2022-03-28 12:25:33...processing table 
2022-03-28 12:25:33...processing table email_addresses
2022-03-28 12:25:33...creating table email_addresses
2022-03-28 12:25:33...creating Relationship Meta for EmailAddress
2022-03-28 12:25:33...processing table emails_text
2022-03-28 12:25:33...creating table emails_text
2022-03-28 12:25:33...creating Relationship Meta for EmailText
2022-03-28 12:25:33...processing table spots
2022-03-28 12:25:33...creating table spots
2022-03-28 12:25:33...creating Relationship Meta for Spots
2022-03-28 12:25:33...processing table aobh_businesshours
2022-03-28 12:25:33...creating table aobh_businesshours
2022-03-28 12:25:33...creating Relationship Meta for AOBH_BusinessHours
2022-03-28 12:25:33...processing table sugarfeed
2022-03-28 12:25:33...creating table sugarfeed
2022-03-28 12:25:33...creating Relationship Meta for SugarFeed
2022-03-28 12:25:33...processing table eapm
2022-03-28 12:25:33...creating table eapm
2022-03-28 12:25:33...creating Relationship Meta for EAPM
2022-03-28 12:25:33...processing table oauth_consumer
2022-03-28 12:25:33...creating table oauth_consumer
2022-03-28 12:25:33...creating Relationship Meta for OAuthKey
2022-03-28 12:25:33...processing table oauth_tokens
2022-03-28 12:25:33...creating table oauth_tokens
2022-03-28 12:25:33...creating Relationship Meta for OAuthToken
2022-03-28 12:25:34...processing table am_projecttemplates
2022-03-28 12:25:34...creating table am_projecttemplates
2022-03-28 12:25:34...creating Relationship Meta for AM_ProjectTemplates
2022-03-28 12:25:34...processing table am_tasktemplates
2022-03-28 12:25:34...creating table am_tasktemplates
2022-03-28 12:25:34...creating Relationship Meta for AM_TaskTemplates
2022-03-28 12:25:34...processing table favorites
2022-03-28 12:25:34...creating table favorites
2022-03-28 12:25:34...creating Relationship Meta for Favorites
2022-03-28 12:25:34...processing table aok_knowledge_base_categories
2022-03-28 12:25:34...creating table aok_knowledge_base_categories
2022-03-28 12:25:34...creating Relationship Meta for AOK_Knowledge_Base_Categories
2022-03-28 12:25:34...processing table aok_knowledgebase
2022-03-28 12:25:34...creating table aok_knowledgebase
2022-03-28 12:25:34...creating Relationship Meta for AOK_KnowledgeBase
2022-03-28 12:25:34...processing table reminders
2022-03-28 12:25:34...creating table reminders
2022-03-28 12:25:34...creating Relationship Meta for Reminder
2022-03-28 12:25:34...processing table reminders_invitees
2022-03-28 12:25:34...creating table reminders_invitees
2022-03-28 12:25:34...creating Relationship Meta for Reminder_Invitee
2022-03-28 12:25:34...processing table fp_events
2022-03-28 12:25:34...creating table fp_events
2022-03-28 12:25:34...creating Relationship Meta for FP_events
2022-03-28 12:25:34...processing table fp_event_locations
2022-03-28 12:25:34...creating table fp_event_locations
2022-03-28 12:25:34...creating Relationship Meta for FP_Event_Locations
2022-03-28 12:25:34...processing table aod_indexevent
2022-03-28 12:25:34...creating table aod_indexevent
2022-03-28 12:25:34...creating Relationship Meta for AOD_IndexEvent
2022-03-28 12:25:35...processing table aod_index
2022-03-28 12:25:35...creating table aod_index
2022-03-28 12:25:35...creating Relationship Meta for AOD_Index
2022-03-28 12:25:35...processing table aop_case_events
2022-03-28 12:25:35...creating table aop_case_events
2022-03-28 12:25:35...creating Relationship Meta for AOP_Case_Events
2022-03-28 12:25:35...processing table aop_case_updates
2022-03-28 12:25:35...creating table aop_case_updates
2022-03-28 12:25:35...creating Relationship Meta for AOP_Case_Updates
2022-03-28 12:25:35...processing table aor_reports
2022-03-28 12:25:35...creating table aor_reports
2022-03-28 12:25:35...creating Relationship Meta for AOR_Report
2022-03-28 12:25:35...processing table aor_fields
2022-03-28 12:25:35...creating table aor_fields
2022-03-28 12:25:35...creating Relationship Meta for AOR_Field
2022-03-28 12:25:35...processing table aor_charts
2022-03-28 12:25:35...creating table aor_charts
2022-03-28 12:25:35...creating Relationship Meta for AOR_Chart
2022-03-28 12:25:35...processing table aor_conditions
2022-03-28 12:25:35...creating table aor_conditions
2022-03-28 12:25:35...creating Relationship Meta for AOR_Condition
2022-03-28 12:25:35...processing table aor_scheduled_reports
2022-03-28 12:25:35...creating table aor_scheduled_reports
2022-03-28 12:25:35...creating Relationship Meta for AOR_Scheduled_Reports
2022-03-28 12:25:35...processing table aos_contracts
2022-03-28 12:25:35...creating table aos_contracts
2022-03-28 12:25:35...creating Relationship Meta for AOS_Contracts
2022-03-28 12:25:35...processing table aos_invoices
2022-03-28 12:25:35...creating table aos_invoices
2022-03-28 12:25:35...creating Relationship Meta for AOS_Invoices
2022-03-28 12:25:36...processing table aos_pdf_templates
2022-03-28 12:25:36...creating table aos_pdf_templates
2022-03-28 12:25:36...creating Relationship Meta for AOS_PDF_Templates
2022-03-28 12:25:36...processing table aos_product_categories
2022-03-28 12:25:36...creating table aos_product_categories
2022-03-28 12:25:36...creating Relationship Meta for AOS_Product_Categories
2022-03-28 12:25:36...processing table aos_products
2022-03-28 12:25:36...creating table aos_products
2022-03-28 12:25:36...creating Relationship Meta for AOS_Products
2022-03-28 12:25:36...processing table aos_products_quotes
2022-03-28 12:25:36...creating table aos_products_quotes
2022-03-28 12:25:36...creating Relationship Meta for AOS_Products_Quotes
2022-03-28 12:25:36...processing table aos_line_item_groups
2022-03-28 12:25:36...creating table aos_line_item_groups
2022-03-28 12:25:36...creating Relationship Meta for AOS_Line_Item_Groups
2022-03-28 12:25:36...processing table aos_quotes
2022-03-28 12:25:36...creating table aos_quotes
2022-03-28 12:25:36...creating Relationship Meta for AOS_Quotes
2022-03-28 12:25:36...processing table aow_actions
2022-03-28 12:25:36...creating table aow_actions
2022-03-28 12:25:36...creating Relationship Meta for AOW_Action
2022-03-28 12:25:36...processing table aow_workflow
2022-03-28 12:25:36...creating table aow_workflow
2022-03-28 12:25:36...creating Relationship Meta for AOW_WorkFlow
2022-03-28 12:25:36...processing table aow_processed
2022-03-28 12:25:36...creating table aow_processed
2022-03-28 12:25:36...creating Relationship Meta for AOW_Processed
2022-03-28 12:25:36...processing table aow_conditions
2022-03-28 12:25:36...creating table aow_conditions
2022-03-28 12:25:36...creating Relationship Meta for AOW_Condition
2022-03-28 12:25:37...processing table jjwg_maps
2022-03-28 12:25:37...creating table jjwg_maps
2022-03-28 12:25:37...creating Relationship Meta for jjwg_Maps
2022-03-28 12:25:37...processing table jjwg_markers
2022-03-28 12:25:37...creating table jjwg_markers
2022-03-28 12:25:37...creating Relationship Meta for jjwg_Markers
2022-03-28 12:25:37...processing table jjwg_areas
2022-03-28 12:25:37...creating table jjwg_areas
2022-03-28 12:25:37...creating Relationship Meta for jjwg_Areas
2022-03-28 12:25:37...processing table jjwg_address_cache
2022-03-28 12:25:37...creating table jjwg_address_cache
2022-03-28 12:25:37...creating Relationship Meta for jjwg_Address_Cache
2022-03-28 12:25:37...processing table calls_reschedule
2022-03-28 12:25:37...creating table calls_reschedule
2022-03-28 12:25:37...creating Relationship Meta for Calls_Reschedule
2022-03-28 12:25:37...processing table securitygroups
2022-03-28 12:25:37...creating table securitygroups
2022-03-28 12:25:37...creating Relationship Meta for SecurityGroup
2022-03-28 12:25:37...processing table outbound_email
2022-03-28 12:25:37...creating table outbound_email
2022-03-28 12:25:37...creating Relationship Meta for OutboundEmailAccounts
2022-03-28 12:25:37...processing table templatesectionline
2022-03-28 12:25:37...creating table templatesectionline
2022-03-28 12:25:37...creating Relationship Meta for TemplateSectionLine
2022-03-28 12:25:38...processing table oauth2tokens
2022-03-28 12:25:38...creating table oauth2tokens
2022-03-28 12:25:38...creating Relationship Meta for OAuth2Tokens
2022-03-28 12:25:38...processing table oauth2clients
2022-03-28 12:25:38...creating table oauth2clients
2022-03-28 12:25:38...creating Relationship Meta for OAuth2Clients
2022-03-28 12:25:38...processing table surveyresponses
2022-03-28 12:25:38...creating table surveyresponses
2022-03-28 12:25:38...creating Relationship Meta for SurveyResponses
2022-03-28 12:25:38...processing table surveys
2022-03-28 12:25:38...creating table surveys
2022-03-28 12:25:38...creating Relationship Meta for Surveys
2022-03-28 12:25:38...processing table surveyquestionresponses
2022-03-28 12:25:38...creating table surveyquestionresponses
2022-03-28 12:25:38...creating Relationship Meta for SurveyQuestionResponses
2022-03-28 12:25:38...processing table surveyquestions
2022-03-28 12:25:38...creating table surveyquestions
2022-03-28 12:25:38...creating Relationship Meta for SurveyQuestions
2022-03-28 12:25:38...processing table surveyquestionoptions
2022-03-28 12:25:38...creating table surveyquestionoptions
2022-03-28 12:25:38...creating Relationship Meta for SurveyQuestionOptions
2022-03-28 12:25:41...Begin creating Defaults
2022-03-28 12:25:41...insert defaults into config table
2022-03-28 12:25:41...Creating default users
2022-03-28 12:25:41...Creating default scheduler jobs
2022-03-28 12:25:41...Enable SugarFeeds
2022-03-28 12:25:41...Installation has completed *********
2022-03-28 12:25:47...populating the db with seed data
2022-03-28 12:25:47...Save configuration settings..
2022-03-28 12:25:47...save locale
2022-03-28 12:25:47...new Administration
2022-03-28 12:25:47...retrieveSettings
2022-03-28 12:25:47...AdminWizard OFF
2022-03-28 12:25:47...saveConfig
2022-03-28 12:25:47...new Configurator
2022-03-28 12:25:47...populateFromPost
2022-03-28 12:25:47...handleOverride
2022-03-28 12:25:47...addCronAllowedUser
2022-03-28 12:25:47...saveConfig
2022-03-28 12:25:47...new Currency
2022-03-28 12:25:47...retrieve
2022-03-28 12:25:47...DBG: save currency
2022-03-28 12:25:47...Save user settings..
2022-03-28 12:25:48...DBG: SugarThemeRegistry::getDefault
2022-03-28 12:26:05...installerHook: Info: custom/install/install_hooks.php not present, no custom hooks to execute
2022-03-29 16:38:19...installerHook: Info: custom/install/install_hooks.php not present, no custom hooks to execute
2022-03-29 16:40:40...installerHook: Info: custom/install/install_hooks.php not present, no custom hooks to execute
2022-03-29 16:41:07...installerHook: Info: custom/install/install_hooks.php not present, no custom hooks to execute
2022-03-29 16:41:09...installerHook: Info: custom/install/install_hooks.php not present, no custom hooks to execute
2022-03-29 16:41:33...installerHook: Info: custom/install/install_hooks.php not present, no custom hooks to execute
2022-03-29 16:41:38...installerHook: Info: custom/install/install_hooks.php not present, no custom hooks to execute
2022-03-29 16:42:39...installerHook: Info: custom/install/install_hooks.php not present, no custom hooks to execute
2022-03-29 16:42:46...installerHook: Info: custom/install/install_hooks.php not present, no custom hooks to execute
2022-03-29 16:42:47...installerHook: Info: custom/install/install_hooks.php not present, no custom hooks to execute
2022-03-29 16:42:49...installerHook: Info: custom/install/install_hooks.php not present, no custom hooks to execute
2022-04-07 09:53:39...installerHook: Info: custom/install/install_hooks.php not present, no custom hooks to execute
2022-04-07 09:56:03...installerHook: Info: custom/install/install_hooks.php not present, no custom hooks to execute
2022-04-07 09:57:19...installerHook: Info: custom/install/install_hooks.php not present, no custom hooks to execute
2022-04-07 09:57:21...installerHook: Info: custom/install/install_hooks.php not present, no custom hooks to execute
2022-04-07 09:57:43...installerHook: Info: custom/install/install_hooks.php not present, no custom hooks to execute
2022-04-07 09:57:51...installerHook: Info: custom/install/install_hooks.php not present, no custom hooks to execute
2022-04-07 09:58:43...installerHook: Info: custom/install/install_hooks.php not present, no custom hooks to execute
2022-04-07 09:58:48...installerHook: Info: custom/install/install_hooks.php not present, no custom hooks to execute
2022-04-07 09:58:53...installerHook: Info: custom/install/install_hooks.php not present, no custom hooks to execute
2022-04-07 09:58:54...installerHook: Info: custom/install/install_hooks.php not present, no custom hooks to execute
2022-04-13 05:59:28...installerHook: Info: custom/install/install_hooks.php not present, no custom hooks to execute
2022-04-13 06:01:42...installerHook: Info: custom/install/install_hooks.php not present, no custom hooks to execute
2022-04-13 06:02:35...installerHook: Info: custom/install/install_hooks.php not present, no custom hooks to execute
2022-04-13 06:02:38...installerHook: Info: custom/install/install_hooks.php not present, no custom hooks to execute
2022-04-13 06:03:02...installerHook: Info: custom/install/install_hooks.php not present, no custom hooks to execute
2022-04-13 06:03:09...installerHook: Info: custom/install/install_hooks.php not present, no custom hooks to execute
2022-04-13 06:04:05...installerHook: Info: custom/install/install_hooks.php not present, no custom hooks to execute
2022-04-13 06:04:12...installerHook: Info: custom/install/install_hooks.php not present, no custom hooks to execute
2022-04-13 06:04:14...installerHook: Info: custom/install/install_hooks.php not present, no custom hooks to execute
2022-04-13 06:04:15...installerHook: Info: custom/install/install_hooks.php not present, no custom hooks to execute
2022-04-20 09:59:29...installerHook: Info: custom/install/install_hooks.php not present, no custom hooks to execute
2022-04-20 10:01:44...installerHook: Info: custom/install/install_hooks.php not present, no custom hooks to execute
2022-04-20 10:02:37...installerHook: Info: custom/install/install_hooks.php not present, no custom hooks to execute
2022-04-20 10:02:39...installerHook: Info: custom/install/install_hooks.php not present, no custom hooks to execute
2022-04-20 10:03:04...installerHook: Info: custom/install/install_hooks.php not present, no custom hooks to execute
2022-04-20 10:03:12...installerHook: Info: custom/install/install_hooks.php not present, no custom hooks to execute
2022-04-20 10:04:08...installerHook: Info: custom/install/install_hooks.php not present, no custom hooks to execute
2022-04-20 10:04:15...installerHook: Info: custom/install/install_hooks.php not present, no custom hooks to execute
2022-04-20 10:04:17...installerHook: Info: custom/install/install_hooks.php not present, no custom hooks to execute
2022-04-20 10:04:17...installerHook: Info: custom/install/install_hooks.php not present, no custom hooks to execute
2022-04-28 01:02:28...installerHook: Info: custom/install/install_hooks.php not present, no custom hooks to execute
2022-04-28 01:04:42...installerHook: Info: custom/install/install_hooks.php not present, no custom hooks to execute
2022-04-28 01:05:36...installerHook: Info: custom/install/install_hooks.php not present, no custom hooks to execute
2022-04-28 01:05:38...installerHook: Info: custom/install/install_hooks.php not present, no custom hooks to execute
2022-04-28 01:06:01...installerHook: Info: custom/install/install_hooks.php not present, no custom hooks to execute
2022-04-28 01:06:09...installerHook: Info: custom/install/install_hooks.php not present, no custom hooks to execute
2022-04-28 01:07:06...installerHook: Info: custom/install/install_hooks.php not present, no custom hooks to execute
2022-04-28 01:07:13...installerHook: Info: custom/install/install_hooks.php not present, no custom hooks to execute
2022-04-28 01:07:15...installerHook: Info: custom/install/install_hooks.php not present, no custom hooks to execute
2022-04-28 01:07:15...installerHook: Info: custom/install/install_hooks.php not present, no custom hooks to execute
2022-05-04 03:13:45...installerHook: Info: custom/install/install_hooks.php not present, no custom hooks to execute
2022-05-04 03:16:21...installerHook: Info: custom/install/install_hooks.php not present, no custom hooks to execute
2022-05-04 03:17:20...installerHook: Info: custom/install/install_hooks.php not present, no custom hooks to execute
2022-05-04 03:17:22...installerHook: Info: custom/install/install_hooks.php not present, no custom hooks to execute
2022-05-04 03:17:47...installerHook: Info: custom/install/install_hooks.php not present, no custom hooks to execute
2022-05-04 03:17:56...installerHook: Info: custom/install/install_hooks.php not present, no custom hooks to execute
2022-05-04 03:18:56...installerHook: Info: custom/install/install_hooks.php not present, no custom hooks to execute
2022-05-04 03:19:04...installerHook: Info: custom/install/install_hooks.php not present, no custom hooks to execute
2022-05-04 03:19:05...installerHook: Info: custom/install/install_hooks.php not present, no custom hooks to execute
2022-05-04 03:19:08...installerHook: Info: custom/install/install_hooks.php not present, no custom hooks to execute
2022-05-11 15:52:01...installerHook: Info: custom/install/install_hooks.php not present, no custom hooks to execute
2022-05-11 15:54:29...installerHook: Info: custom/install/install_hooks.php not present, no custom hooks to execute
2022-05-11 15:55:25...installerHook: Info: custom/install/install_hooks.php not present, no custom hooks to execute
2022-05-11 15:55:27...installerHook: Info: custom/install/install_hooks.php not present, no custom hooks to execute
2022-05-11 15:55:54...installerHook: Info: custom/install/install_hooks.php not present, no custom hooks to execute
2022-05-11 15:56:01...installerHook: Info: custom/install/install_hooks.php not present, no custom hooks to execute
2022-05-11 15:57:03...installerHook: Info: custom/install/install_hooks.php not present, no custom hooks to execute
2022-05-11 15:57:10...installerHook: Info: custom/install/install_hooks.php not present, no custom hooks to execute
2022-05-11 15:57:11...installerHook: Info: custom/install/install_hooks.php not present, no custom hooks to execute
2022-05-11 15:57:15...installerHook: Info: custom/install/install_hooks.php not present, no custom hooks to execute
2022-05-19 00:49:04...installerHook: Info: custom/install/install_hooks.php not present, no custom hooks to execute
2022-05-19 00:51:31...installerHook: Info: custom/install/install_hooks.php not present, no custom hooks to execute
2022-05-19 00:52:31...installerHook: Info: custom/install/install_hooks.php not present, no custom hooks to execute
2022-05-19 00:52:33...installerHook: Info: custom/install/install_hooks.php not present, no custom hooks to execute
2022-05-19 00:52:58...installerHook: Info: custom/install/install_hooks.php not present, no custom hooks to execute
2022-05-19 00:53:07...installerHook: Info: custom/install/install_hooks.php not present, no custom hooks to execute
2022-05-19 00:54:09...installerHook: Info: custom/install/install_hooks.php not present, no custom hooks to execute
2022-05-19 00:54:16...installerHook: Info: custom/install/install_hooks.php not present, no custom hooks to execute
2022-05-19 00:54:17...installerHook: Info: custom/install/install_hooks.php not present, no custom hooks to execute
2022-05-19 00:54:20...installerHook: Info: custom/install/install_hooks.php not present, no custom hooks to execute
2022-05-25 01:07:02...installerHook: Info: custom/install/install_hooks.php not present, no custom hooks to execute
2022-05-25 01:09:17...installerHook: Info: custom/install/install_hooks.php not present, no custom hooks to execute
2022-05-25 01:10:10...installerHook: Info: custom/install/install_hooks.php not present, no custom hooks to execute
2022-05-25 01:10:12...installerHook: Info: custom/install/install_hooks.php not present, no custom hooks to execute
2022-05-25 01:10:37...installerHook: Info: custom/install/install_hooks.php not present, no custom hooks to execute
2022-05-25 01:10:43...installerHook: Info: custom/install/install_hooks.php not present, no custom hooks to execute
2022-05-25 01:11:40...installerHook: Info: custom/install/install_hooks.php not present, no custom hooks to execute
2022-05-25 01:11:47...installerHook: Info: custom/install/install_hooks.php not present, no custom hooks to execute
2022-05-25 01:11:49...installerHook: Info: custom/install/install_hooks.php not present, no custom hooks to execute
2022-05-25 01:11:50...installerHook: Info: custom/install/install_hooks.php not present, no custom hooks to execute
2022-06-01 13:39:31...installerHook: Info: custom/install/install_hooks.php not present, no custom hooks to execute
2022-06-01 13:41:59...installerHook: Info: custom/install/install_hooks.php not present, no custom hooks to execute
2022-06-01 13:43:18...installerHook: Info: custom/install/install_hooks.php not present, no custom hooks to execute
2022-06-01 13:43:20...installerHook: Info: custom/install/install_hooks.php not present, no custom hooks to execute
2022-06-01 13:43:40...installerHook: Info: custom/install/install_hooks.php not present, no custom hooks to execute
2022-06-01 13:43:52...installerHook: Info: custom/install/install_hooks.php not present, no custom hooks to execute
2022-06-01 13:44:38...installerHook: Info: custom/install/install_hooks.php not present, no custom hooks to execute
2022-06-01 13:44:47...installerHook: Info: custom/install/install_hooks.php not present, no custom hooks to execute
2022-06-01 13:44:49...installerHook: Info: custom/install/install_hooks.php not present, no custom hooks to execute
2022-06-01 13:44:53...installerHook: Info: custom/install/install_hooks.php not present, no custom hooks to execute